<?xml version="1.0" encoding="UTF-8"?>
<!-- Generated by org.testng.reporters.JUnitReportReporter -->
<testsuite skipped="0" hostname="DESKTOP-94TA79J" name="scripts1.AddAddress" tests="1" failures="0" timestamp="04 Oct 2018 04:53:18 GMT" time="50.816" errors="0">
  <testcase name="cases" time="50.816" classname="scripts1.AddAddress"/>
</testsuite> <!-- scripts1.AddAddress -->
