<?xml version="1.0" encoding="UTF-8"?>
<!-- Generated by org.testng.reporters.JUnitReportReporter -->
<testsuite skipped="0" hostname="DESKTOP-94TA79J" name="scripts1.Login" tests="1" failures="0" timestamp="03 Oct 2018 08:19:02 GMT" time="21.248" errors="0">
  <testcase name="cases" time="21.248" classname="scripts1.Login"/>
</testsuite> <!-- scripts1.Login -->
