<?xml version="1.0" encoding="UTF-8"?>
<!-- Generated by org.testng.reporters.JUnitReportReporter -->
<testsuite skipped="0" hostname="DESKTOP-94TA79J" name="scripts1.EditProfile" tests="1" failures="0" timestamp="03 Oct 2018 02:05:37 GMT" time="29.680" errors="0">
  <testcase name="cases" time="29.680" classname="scripts1.EditProfile"/>
</testsuite> <!-- scripts1.EditProfile -->
