<?xml version="1.0" encoding="UTF-8"?>
<!-- Generated by org.testng.reporters.JUnitReportReporter -->
<testsuite skipped="1" hostname="DESKTOP-94TA79J" name="scripts1.CartToWishList" tests="1" failures="0" timestamp="03 Oct 2018 06:18:04 GMT" time="0.000" errors="0">
  <testcase name="cases" time="0.000" classname="scripts1.CartToWishList">
    <skipped/>
  </testcase> <!-- cases -->
</testsuite> <!-- scripts1.CartToWishList -->
