<?xml version="1.0" encoding="UTF-8"?>
<!-- Generated by org.testng.reporters.JUnitReportReporter -->
<testsuite skipped="0" hostname="DESKTOP-94TA79J" name="scripts1.Homepage1" tests="1" failures="0" timestamp="03 Oct 2018 08:19:02 GMT" time="69.856" errors="0">
  <testcase name="cases" time="69.856" classname="scripts1.Homepage1"/>
</testsuite> <!-- scripts1.Homepage1 -->
